0 verbose cli /Users/natalia/.nvm/versions/node/v23.5.0/bin/node /Users/natalia/.nvm/versions/node/v23.5.0/bin/npm
1 info using npm@10.9.2
2 info using node@v23.5.0
3 silly config load:file:/Users/natalia/.nvm/versions/node/v23.5.0/lib/node_modules/npm/npmrc
4 silly config load:file:/Users/natalia/Nataliaki/Natalia/code/car/.npmrc
5 silly config load:file:/Users/natalia/.npmrc
6 silly config load:file:/Users/natalia/.nvm/versions/node/v23.5.0/etc/npmrc
7 verbose title npm install fast-check
8 verbose argv "install" "--save-dev" "fast-check" "--cache" "./.npm-cache"
9 verbose logfile logs-max:10 dir:/Users/natalia/Nataliaki/Natalia/code/car/.npm-cache/_logs/2026-01-21T14_40_19_582Z-
10 verbose logfile /Users/natalia/Nataliaki/Natalia/code/car/.npm-cache/_logs/2026-01-21T14_40_19_582Z-debug-0.log
11 silly logfile done cleaning log files
12 silly packumentCache heap:2197815296 maxSize:549453824 maxEntrySize:274726912
13 silly idealTree buildDeps
14 silly fetch manifest fast-check@*
15 silly packumentCache full:https://registry.npmjs.org/fast-check cache-miss
16 http fetch GET 200 https://registry.npmjs.org/npm 1978ms
17 http fetch GET 200 https://registry.npmjs.org/fast-check 1482ms (cache miss)
18 silly packumentCache full:https://registry.npmjs.org/fast-check set size:undefined disposed:false
19 silly placeDep ROOT fast-check@4.5.3 OK for: car@0.1.0 want: *
20 silly fetch manifest pure-rand@^7.0.0
21 silly packumentCache full:https://registry.npmjs.org/pure-rand cache-miss
22 http fetch GET 200 https://registry.npmjs.org/pure-rand 134ms (cache miss)
23 silly packumentCache full:https://registry.npmjs.org/pure-rand set size:undefined disposed:false
24 silly placeDep node_modules/fast-check pure-rand@7.0.1 OK for: fast-check@4.5.3 want: ^7.0.0
25 warn EBADENGINE Unsupported engine {
25 warn EBADENGINE   package: '@jest/diff-sequences@30.0.1',
25 warn EBADENGINE   required: { node: '^18.14.0 || ^20.0.0 || ^22.0.0 || >=24.0.0' },
25 warn EBADENGINE   current: { node: 'v23.5.0', npm: '10.9.2' }
25 warn EBADENGINE }
26 warn EBADENGINE Unsupported engine {
26 warn EBADENGINE   package: '@jest/expect-utils@30.2.0',
26 warn EBADENGINE   required: { node: '^18.14.0 || ^20.0.0 || ^22.0.0 || >=24.0.0' },
26 warn EBADENGINE   current: { node: 'v23.5.0', npm: '10.9.2' }
26 warn EBADENGINE }
27 warn EBADENGINE Unsupported engine {
27 warn EBADENGINE   package: '@jest/get-type@30.1.0',
27 warn EBADENGINE   required: { node: '^18.14.0 || ^20.0.0 || ^22.0.0 || >=24.0.0' },
27 warn EBADENGINE   current: { node: 'v23.5.0', npm: '10.9.2' }
27 warn EBADENGINE }
28 warn EBADENGINE Unsupported engine {
28 warn EBADENGINE   package: '@jest/pattern@30.0.1',
28 warn EBADENGINE   required: { node: '^18.14.0 || ^20.0.0 || ^22.0.0 || >=24.0.0' },
28 warn EBADENGINE   current: { node: 'v23.5.0', npm: '10.9.2' }
28 warn EBADENGINE }
29 warn EBADENGINE Unsupported engine {
29 warn EBADENGINE   package: 'jest-regex-util@30.0.1',
29 warn EBADENGINE   required: { node: '^18.14.0 || ^20.0.0 || ^22.0.0 || >=24.0.0' },
29 warn EBADENGINE   current: { node: 'v23.5.0', npm: '10.9.2' }
29 warn EBADENGINE }
30 warn EBADENGINE Unsupported engine {
30 warn EBADENGINE   package: '@jest/schemas@30.0.5',
30 warn EBADENGINE   required: { node: '^18.14.0 || ^20.0.0 || ^22.0.0 || >=24.0.0' },
30 warn EBADENGINE   current: { node: 'v23.5.0', npm: '10.9.2' }
30 warn EBADENGINE }
31 warn EBADENGINE Unsupported engine {
31 warn EBADENGINE   package: 'pretty-format@30.2.0',
31 warn EBADENGINE   required: { node: '^18.14.0 || ^20.0.0 || ^22.0.0 || >=24.0.0' },
31 warn EBADENGINE   current: { node: 'v23.5.0', npm: '10.9.2' }
31 warn EBADENGINE }
32 warn EBADENGINE Unsupported engine {
32 warn EBADENGINE   package: 'expect@30.2.0',
32 warn EBADENGINE   required: { node: '^18.14.0 || ^20.0.0 || ^22.0.0 || >=24.0.0' },
32 warn EBADENGINE   current: { node: 'v23.5.0', npm: '10.9.2' }
32 warn EBADENGINE }
33 warn EBADENGINE Unsupported engine {
33 warn EBADENGINE   package: 'jest-diff@30.2.0',
33 warn EBADENGINE   required: { node: '^18.14.0 || ^20.0.0 || ^22.0.0 || >=24.0.0' },
33 warn EBADENGINE   current: { node: 'v23.5.0', npm: '10.9.2' }
33 warn EBADENGINE }
34 warn EBADENGINE Unsupported engine {
34 warn EBADENGINE   package: '@jest/schemas@30.0.5',
34 warn EBADENGINE   required: { node: '^18.14.0 || ^20.0.0 || ^22.0.0 || >=24.0.0' },
34 warn EBADENGINE   current: { node: 'v23.5.0', npm: '10.9.2' }
34 warn EBADENGINE }
35 warn EBADENGINE Unsupported engine {
35 warn EBADENGINE   package: 'pretty-format@30.2.0',
35 warn EBADENGINE   required: { node: '^18.14.0 || ^20.0.0 || ^22.0.0 || >=24.0.0' },
35 warn EBADENGINE   current: { node: 'v23.5.0', npm: '10.9.2' }
35 warn EBADENGINE }
36 warn EBADENGINE Unsupported engine {
36 warn EBADENGINE   package: 'jest-matcher-utils@30.2.0',
36 warn EBADENGINE   required: { node: '^18.14.0 || ^20.0.0 || ^22.0.0 || >=24.0.0' },
36 warn EBADENGINE   current: { node: 'v23.5.0', npm: '10.9.2' }
36 warn EBADENGINE }
37 warn EBADENGINE Unsupported engine {
37 warn EBADENGINE   package: '@jest/schemas@30.0.5',
37 warn EBADENGINE   required: { node: '^18.14.0 || ^20.0.0 || ^22.0.0 || >=24.0.0' },
37 warn EBADENGINE   current: { node: 'v23.5.0', npm: '10.9.2' }
37 warn EBADENGINE }
38 warn EBADENGINE Unsupported engine {
38 warn EBADENGINE   package: 'pretty-format@30.2.0',
38 warn EBADENGINE   required: { node: '^18.14.0 || ^20.0.0 || ^22.0.0 || >=24.0.0' },
38 warn EBADENGINE   current: { node: 'v23.5.0', npm: '10.9.2' }
38 warn EBADENGINE }
39 warn EBADENGINE Unsupported engine {
39 warn EBADENGINE   package: 'jest-message-util@30.2.0',
39 warn EBADENGINE   required: { node: '^18.14.0 || ^20.0.0 || ^22.0.0 || >=24.0.0' },
39 warn EBADENGINE   current: { node: 'v23.5.0', npm: '10.9.2' }
39 warn EBADENGINE }
40 warn EBADENGINE Unsupported engine {
40 warn EBADENGINE   package: '@jest/schemas@30.0.5',
40 warn EBADENGINE   required: { node: '^18.14.0 || ^20.0.0 || ^22.0.0 || >=24.0.0' },
40 warn EBADENGINE   current: { node: 'v23.5.0', npm: '10.9.2' }
40 warn EBADENGINE }
41 warn EBADENGINE Unsupported engine {
41 warn EBADENGINE   package: '@jest/types@30.2.0',
41 warn EBADENGINE   required: { node: '^18.14.0 || ^20.0.0 || ^22.0.0 || >=24.0.0' },
41 warn EBADENGINE   current: { node: 'v23.5.0', npm: '10.9.2' }
41 warn EBADENGINE }
42 warn EBADENGINE Unsupported engine {
42 warn EBADENGINE   package: 'pretty-format@30.2.0',
42 warn EBADENGINE   required: { node: '^18.14.0 || ^20.0.0 || ^22.0.0 || >=24.0.0' },
42 warn EBADENGINE   current: { node: 'v23.5.0', npm: '10.9.2' }
42 warn EBADENGINE }
43 warn EBADENGINE Unsupported engine {
43 warn EBADENGINE   package: 'jest-mock@30.2.0',
43 warn EBADENGINE   required: { node: '^18.14.0 || ^20.0.0 || ^22.0.0 || >=24.0.0' },
43 warn EBADENGINE   current: { node: 'v23.5.0', npm: '10.9.2' }
43 warn EBADENGINE }
44 warn EBADENGINE Unsupported engine {
44 warn EBADENGINE   package: '@jest/schemas@30.0.5',
44 warn EBADENGINE   required: { node: '^18.14.0 || ^20.0.0 || ^22.0.0 || >=24.0.0' },
44 warn EBADENGINE   current: { node: 'v23.5.0', npm: '10.9.2' }
44 warn EBADENGINE }
45 warn EBADENGINE Unsupported engine {
45 warn EBADENGINE   package: '@jest/types@30.2.0',
45 warn EBADENGINE   required: { node: '^18.14.0 || ^20.0.0 || ^22.0.0 || >=24.0.0' },
45 warn EBADENGINE   current: { node: 'v23.5.0', npm: '10.9.2' }
45 warn EBADENGINE }
46 warn EBADENGINE Unsupported engine {
46 warn EBADENGINE   package: 'jest-util@30.2.0',
46 warn EBADENGINE   required: { node: '^18.14.0 || ^20.0.0 || ^22.0.0 || >=24.0.0' },
46 warn EBADENGINE   current: { node: 'v23.5.0', npm: '10.9.2' }
46 warn EBADENGINE }
47 warn EBADENGINE Unsupported engine {
47 warn EBADENGINE   package: '@jest/schemas@30.0.5',
47 warn EBADENGINE   required: { node: '^18.14.0 || ^20.0.0 || ^22.0.0 || >=24.0.0' },
47 warn EBADENGINE   current: { node: 'v23.5.0', npm: '10.9.2' }
47 warn EBADENGINE }
48 warn EBADENGINE Unsupported engine {
48 warn EBADENGINE   package: '@jest/types@30.2.0',
48 warn EBADENGINE   required: { node: '^18.14.0 || ^20.0.0 || ^22.0.0 || >=24.0.0' },
48 warn EBADENGINE   current: { node: 'v23.5.0', npm: '10.9.2' }
48 warn EBADENGINE }
49 silly reify moves {}
50 silly audit bulk request {
50 silly audit   '@alloc/quick-lru': [ '5.2.0' ],
50 silly audit   '@ant-design/colors': [ '7.1.0' ],
50 silly audit   '@ant-design/cssinjs': [ '1.21.1' ],
50 silly audit   '@ant-design/cssinjs-utils': [ '1.1.1' ],
50 silly audit   '@emotion/hash': [ '0.8.0', '0.9.2' ],
50 silly audit   '@emotion/unitless': [ '0.7.5', '0.10.0' ],
50 silly audit   stylis: [ '4.3.4', '4.2.0' ],
50 silly audit   '@ant-design/fast-color': [ '2.0.6' ],
50 silly audit   '@ant-design/icons': [ '5.5.1' ],
50 silly audit   '@ant-design/icons-svg': [ '4.4.2' ],
50 silly audit   '@ant-design/react-slick': [ '1.1.2' ],
50 silly audit   '@babel/code-frame': [ '7.27.1' ],
50 silly audit   '@babel/compat-data': [ '7.28.5' ],
50 silly audit   '@babel/core': [ '7.28.5' ],
50 silly audit   'convert-source-map': [ '2.0.0', '1.9.0' ],
50 silly audit   semver: [ '6.3.1', '7.6.3' ],
50 silly audit   '@babel/generator': [ '7.28.5' ],
50 silly audit   '@babel/helper-compilation-targets': [ '7.27.2' ],
50 silly audit   'lru-cache': [ '5.1.1', '6.0.0', '10.4.3' ],
50 silly audit   yallist: [ '3.1.1', '4.0.0' ],
50 silly audit   '@babel/helper-globals': [ '7.28.0' ],
50 silly audit   '@babel/helper-module-imports': [ '7.27.1' ],
50 silly audit   '@babel/helper-module-transforms': [ '7.28.3' ],
50 silly audit   '@babel/helper-plugin-utils': [ '7.27.1' ],
50 silly audit   '@babel/helper-string-parser': [ '7.27.1' ],
50 silly audit   '@babel/helper-validator-identifier': [ '7.28.5' ],
50 silly audit   '@babel/helper-validator-option': [ '7.27.1' ],
50 silly audit   '@babel/helpers': [ '7.28.4' ],
50 silly audit   '@babel/parser': [ '7.28.5' ],
50 silly audit   '@babel/plugin-syntax-async-generators': [ '7.8.4' ],
50 silly audit   '@babel/plugin-syntax-bigint': [ '7.8.3' ],
50 silly audit   '@babel/plugin-syntax-class-properties': [ '7.12.13' ],
50 silly audit   '@babel/plugin-syntax-class-static-block': [ '7.14.5' ],
50 silly audit   '@babel/plugin-syntax-import-attributes': [ '7.27.1' ],
50 silly audit   '@babel/plugin-syntax-import-meta': [ '7.10.4' ],
50 silly audit   '@babel/plugin-syntax-json-strings': [ '7.8.3' ],
50 silly audit   '@babel/plugin-syntax-jsx': [ '7.27.1' ],
50 silly audit   '@babel/plugin-syntax-logical-assignment-operators': [ '7.10.4' ],
50 silly audit   '@babel/plugin-syntax-nullish-coalescing-operator': [ '7.8.3' ],
50 silly audit   '@babel/plugin-syntax-numeric-separator': [ '7.10.4' ],
50 silly audit   '@babel/plugin-syntax-object-rest-spread': [ '7.8.3' ],
50 silly audit   '@babel/plugin-syntax-optional-catch-binding': [ '7.8.3' ],
50 silly audit   '@babel/plugin-syntax-optional-chaining': [ '7.8.3' ],
50 silly audit   '@babel/plugin-syntax-private-property-in-object': [ '7.14.5' ],
50 silly audit   '@babel/plugin-syntax-top-level-await': [ '7.14.5' ],
50 silly audit   '@babel/plugin-syntax-typescript': [ '7.27.1' ],
50 silly audit   '@babel/runtime': [ '7.28.2' ],
50 silly audit   '@babel/template': [ '7.27.2' ],
50 silly audit   '@babel/traverse': [ '7.28.5' ],
50 silly audit   '@babel/types': [ '7.28.5' ],
50 silly audit   '@bcoe/v8-coverage': [ '0.2.3' ],
50 silly audit   '@cloudinary-util/types': [ '1.5.10' ],
50 silly audit   '@cloudinary-util/url-loader': [ '5.10.4' ],
50 silly audit   '@cloudinary-util/util': [ '3.3.2', '4.0.0' ],
50 silly audit   '@cloudinary/transformation-builder-sdk': [ '1.15.2' ],
50 silly audit   '@cloudinary/url-gen': [ '1.15.0' ],
50 silly audit   '@ctrl/tinycolor': [ '3.6.1' ],
50 silly audit   '@emailjs/browser': [ '4.4.1' ],
50 silly audit   '@emotion/babel-plugin': [ '11.12.0' ],
50 silly audit   '@emotion/cache': [ '11.13.1' ],
50 silly audit   '@emotion/is-prop-valid': [ '1.3.1' ],
50 silly audit   '@emotion/memoize': [ '0.9.0' ],
50 silly audit   '@emotion/react': [ '11.13.3' ],
50 silly audit   '@emotion/serialize': [ '1.3.2' ],
50 silly audit   '@emotion/sheet': [ '1.4.0' ],
50 silly audit   '@emotion/styled': [ '11.13.0' ],
50 silly audit   '@emotion/use-insertion-effect-with-fallbacks': [ '1.1.0' ],
50 silly audit   '@emotion/utils': [ '1.4.1' ],
50 silly audit   '@emotion/weak-memoize': [ '0.4.0' ],
50 silly audit   '@eslint-community/eslint-utils': [ '4.4.0' ],
50 silly audit   '@eslint-community/regexpp': [ '4.11.1' ],
50 silly audit   '@eslint/eslintrc': [ '2.1.4' ],
50 silly audit   globals: [ '13.24.0' ],
50 silly audit   'type-fest': [ '0.20.2', '0.21.3' ],
50 silly audit   '@eslint/js': [ '8.57.1' ],
50 silly audit   '@floating-ui/core': [ '1.6.8' ],
50 silly audit   '@floating-ui/dom': [ '1.6.11' ],
50 silly audit   '@floating-ui/react': [ '0.26.25' ],
50 silly audit   '@floating-ui/react-dom': [ '2.1.2' ],
50 silly audit   '@floating-ui/utils': [ '0.2.8' ],
50 silly audit   '@formatjs/ecma402-abstract': [ '2.2.0' ],
50 silly audit   '@formatjs/fast-memoize': [ '2.2.1' ],
50 silly audit   '@formatjs/icu-messageformat-parser': [ '2.8.0' ],
50 silly audit   '@formatjs/icu-skeleton-parser': [ '1.8.4' ],
50 silly audit   '@formatjs/intl-localematcher': [ '0.5.5' ],
50 silly audit   '@humanwhocodes/config-array': [ '0.13.0' ],
50 silly audit   '@humanwhocodes/module-importer': [ '1.0.1' ],
50 silly audit   '@humanwhocodes/object-schema': [ '2.0.3' ],
50 silly audit   '@internationalized/date': [ '3.5.6' ],
50 silly audit   '@internationalized/message': [ '3.1.5' ],
50 silly audit   '@internationalized/number': [ '3.5.4' ],
50 silly audit   '@internationalized/string': [ '3.2.4' ],
50 silly audit   '@isaacs/cliui': [ '8.0.2' ],
50 silly audit   'ansi-regex': [ '6.1.0', '5.0.1', '2.1.1' ],
50 silly audit   'ansi-styles': [ '6.2.1', '5.2.0', '4.3.0', '2.2.1' ],
50 silly audit   'string-width': [ '5.1.2', '4.2.3' ],
50 silly audit   'strip-ansi': [ '7.1.0', '3.0.1', '6.0.1' ],
50 silly audit   'wrap-ansi': [ '8.1.0', '7.0.0' ],
50 silly audit   '@istanbuljs/load-nyc-config': [ '1.1.0' ],
50 silly audit   argparse: [ '1.0.10', '2.0.1' ],
50 silly audit   'find-up': [ '4.1.0', '5.0.0' ],
50 silly audit   'js-yaml': [ '3.14.2', '4.1.0' ],
50 silly audit   'locate-path': [ '5.0.0', '6.0.0' ],
50 silly audit   'p-limit': [ '2.3.0', '3.1.0' ],
50 silly audit   'p-locate': [ '4.1.0', '5.0.0' ],
50 silly audit   'resolve-from': [ '5.0.0', '4.0.0' ],
50 silly audit   '@istanbuljs/schema': [ '0.1.3' ],
50 silly audit   '@jest/console': [ '29.7.0' ],
50 silly audit   'jest-message-util': [ '29.7.0', '30.2.0' ],
50 silly audit   'jest-util': [ '29.7.0', '30.2.0' ],
50 silly audit   'pretty-format': [ '29.7.0', '30.2.0', '3.8.0' ],
50 silly audit   '@jest/core': [ '29.7.0' ],
50 silly audit   '@jest/diff-sequences': [ '30.0.1' ],
50 silly audit   '@jest/environment': [ '29.7.0' ],
50 silly audit   'jest-mock': [ '29.7.0', '30.2.0' ],
50 silly audit   '@jest/expect': [ '29.7.0' ],
50 silly audit   '@jest/expect-utils': [ '30.2.0', '29.7.0' ],
50 silly audit   expect: [ '29.7.0', '30.2.0' ],
50 silly audit   'jest-diff': [ '29.7.0', '30.2.0' ],
50 silly audit   'jest-matcher-utils': [ '29.7.0', '30.2.0' ],
50 silly audit   '@jest/fake-timers': [ '29.7.0' ],
50 silly audit   '@jest/get-type': [ '30.1.0' ],
50 silly audit   '@jest/globals': [ '29.7.0' ],
50 silly audit   '@jest/pattern': [ '30.0.1' ],
50 silly audit   'jest-regex-util': [ '30.0.1', '29.6.3' ],
50 silly audit   '@jest/reporters': [ '29.7.0' ],
50 silly audit   '@jest/schemas': [ '29.6.3', '30.0.5' ],
50 silly audit   '@jest/source-map': [ '29.6.3' ],
50 silly audit   '@jest/test-result': [ '29.7.0' ],
50 silly audit   '@jest/test-sequencer': [ '29.7.0' ],
50 silly audit   '@jest/transform': [ '29.7.0' ],
50 silly audit   '@jest/types': [ '29.6.3', '30.2.0' ],
50 silly audit   '@jridgewell/gen-mapping': [ '0.3.13' ],
50 silly audit   '@jridgewell/remapping': [ '2.3.5' ],
50 silly audit   '@jridgewell/resolve-uri': [ '3.1.2' ],
50 silly audit   '@jridgewell/sourcemap-codec': [ '1.5.0' ],
50 silly audit   '@jridgewell/trace-mapping': [ '0.3.31' ],
50 silly audit   '@mapbox/node-pre-gyp': [ '1.0.11' ],
50 silly audit   '@mongodb-js/saslprep': [ '1.1.9' ],
50 silly audit   '@mui/core-downloads-tracker': [ '5.16.7' ],
50 silly audit   '@mui/icons-material': [ '5.16.7' ],
50 silly audit   '@mui/material': [ '5.16.7' ],
50 silly audit   '@mui/private-theming': [ '5.16.6' ],
50 silly audit   '@mui/styled-engine': [ '5.16.6' ],
50 silly audit   '@mui/system': [ '5.16.7' ],
50 silly audit   '@mui/types': [ '7.2.18' ],
50 silly audit   '@mui/utils': [ '5.16.6' ],
50 silly audit   '@mui/x-data-grid': [ '7.21.0' ],
50 silly audit   '@mui/x-date-pickers': [ '7.21.0' ],
50 silly audit   '@mui/x-date-pickers-pro': [ '7.21.0' ],
50 silly audit   '@mui/x-internals': [ '7.21.0' ],
50 silly audit   '@mui/x-license': [ '7.21.0' ],
50 silly audit   '@next/env': [ '14.2.30' ],
50 silly audit   '@next/eslint-plugin-next': [ '14.0.4' ],
50 silly audit   '@next/swc-darwin-arm64': [ '14.2.30' ],
50 silly audit   '@next/swc-darwin-x64': [ '14.2.30' ],
50 silly audit   '@next/swc-linux-arm64-gnu': [ '14.2.30' ],
50 silly audit   '@next/swc-linux-arm64-musl': [ '14.2.30' ],
50 silly audit   '@next/swc-linux-x64-gnu': [ '14.2.30' ],
50 silly audit   '@next/swc-linux-x64-musl': [ '14.2.30' ],
50 silly audit   '@next/swc-win32-arm64-msvc': [ '14.2.30' ],
50 silly audit   '@next/swc-win32-ia32-msvc': [ '14.2.30' ],
50 silly audit   '@next/swc-win32-x64-msvc': [ '14.2.30' ],
50 silly audit   '@nextui-org/accordion': [ '2.0.40' ],
50 silly audit   '@nextui-org/aria-utils': [ '2.0.26' ],
50 silly audit   '@nextui-org/autocomplete': [ '2.1.7' ],
50 silly audit   '@nextui-org/avatar': [ '2.0.33' ],
50 silly audit   '@nextui-org/badge': [ '2.0.32' ],
50 silly audit   '@nextui-org/breadcrumbs': [ '2.0.13' ],
50 silly audit   '@nextui-org/button': [ '2.0.38' ],
50 silly audit   '@nextui-org/calendar': [ '2.0.12' ],
50 silly audit   '@nextui-org/card': [ '2.0.34' ],
50 silly audit   '@nextui-org/checkbox': [ '2.1.5' ],
50 silly audit   '@nextui-org/chip': [ '2.0.33' ],
50 silly audit   '@nextui-org/code': [ '2.0.33' ],
50 silly audit   '@nextui-org/date-input': [ '2.1.4' ],
50 silly audit   '@nextui-org/date-picker': [ '2.1.8' ],
50 silly audit   '@nextui-org/divider': [ '2.0.32' ],
50 silly audit   '@nextui-org/dropdown': [ '2.1.31' ],
50 silly audit   '@nextui-org/framer-utils': [ '2.0.25' ],
50 silly audit   '@nextui-org/image': [ '2.0.32' ],
50 silly audit   '@nextui-org/input': [ '2.2.5' ],
50 silly audit   '@nextui-org/kbd': [ '2.0.34' ],
50 silly audit   '@nextui-org/link': [ '2.0.35' ],
50 silly audit   '@nextui-org/listbox': [ '2.1.27' ],
50 silly audit   '@nextui-org/menu': [ '2.0.30' ],
50 silly audit   '@nextui-org/modal': [ '2.0.41' ],
50 silly audit   '@nextui-org/navbar': [ '2.0.37' ],
50 silly audit   '@nextui-org/pagination': [ '2.0.36' ],
50 silly audit   '@nextui-org/popover': [ '2.1.29' ],
50 silly audit   '@nextui-org/progress': [ '2.0.34' ],
50 silly audit   '@nextui-org/radio': [ '2.1.5' ],
50 silly audit   '@nextui-org/react': [ '2.4.8' ],
50 silly audit   '@nextui-org/react-rsc-utils': [ '2.0.14' ],
50 silly audit   '@nextui-org/react-utils': [ '2.0.17' ],
50 silly audit   '@nextui-org/ripple': [ '2.0.33' ],
50 silly audit   '@nextui-org/scroll-shadow': [ '2.1.20' ],
50 silly audit   '@nextui-org/select': [ '2.2.7' ],
50 silly audit   '@nextui-org/shared-icons': [ '2.0.9' ],
50 silly audit   '@nextui-org/shared-utils': [ '2.0.8' ],
50 silly audit   '@nextui-org/skeleton': [ '2.0.32' ],
50 silly audit   '@nextui-org/slider': [ '2.2.17' ],
50 silly audit   '@nextui-org/snippet': [ '2.0.43' ],
50 silly audit   '@nextui-org/spacer': [ '2.0.33' ],
50 silly audit   '@nextui-org/spinner': [ '2.0.34' ],
50 silly audit   '@nextui-org/switch': [ '2.0.34' ],
50 silly audit   '@nextui-org/system': [ '2.2.6' ],
50 silly audit   '@nextui-org/system-rsc': [ '2.1.6' ],
50 silly audit   clsx: [ '1.2.1', '2.1.1' ],
50 silly audit   '@nextui-org/table': [ '2.0.40' ],
50 silly audit   '@nextui-org/tabs': [ '2.0.37' ],
50 silly audit   '@nextui-org/theme': [ '2.2.11' ],
50 silly audit   '@nextui-org/tooltip': [ '2.0.41' ],
50 silly audit   '@nextui-org/use-aria-accordion': [ '2.0.7' ],
50 silly audit   '@nextui-org/use-aria-button': [ '2.0.10' ],
50 silly audit   '@nextui-org/use-aria-link': [ '2.0.19' ],
50 silly audit   '@nextui-org/use-aria-menu': [ '2.0.7' ],
50 silly audit   '@nextui-org/use-aria-modal-overlay': [ '2.0.13' ],
50 silly audit   '@nextui-org/use-aria-multiselect': [ '2.2.5' ],
50 silly audit   '@nextui-org/use-aria-toggle-button': [ '2.0.10' ],
50 silly audit   '@nextui-org/use-callback-ref': [ '2.0.6' ],
50 silly audit   '@nextui-org/use-clipboard': [ '2.0.7' ],
50 silly audit   '@nextui-org/use-data-scroll-overflow': [ '2.1.7' ],
50 silly audit   '@nextui-org/use-disclosure': [ '2.0.10' ],
50 silly audit   '@nextui-org/use-image': [ '2.0.6' ],
50 silly audit   '@nextui-org/use-is-mobile': [ '2.0.9' ],
50 silly audit   '@nextui-org/use-is-mounted': [ '2.0.6' ],
50 silly audit   '@nextui-org/use-measure': [ '2.0.2' ],
50 silly audit   '@nextui-org/use-pagination': [ '2.0.10' ],
50 silly audit   '@nextui-org/use-safe-layout-effect': [ '2.0.6' ],
50 silly audit   '@nextui-org/use-scroll-position': [ '2.0.9' ],
50 silly audit   '@nextui-org/use-update-effect': [ '2.0.6' ],
50 silly audit   '@nextui-org/user': [ '2.0.34' ],
50 silly audit   '@noble/hashes': [ '1.8.0' ],
50 silly audit   '@nodelib/fs.scandir': [ '2.1.5' ],
50 silly audit   '@nodelib/fs.stat': [ '2.0.5' ],
50 silly audit   '@nodelib/fs.walk': [ '1.2.8' ],
50 silly audit   '@nolyfill/is-core-module': [ '1.0.39' ],
50 silly audit   '@panva/hkdf': [ '1.2.1' ],
50 silly audit   '@paralleldrive/cuid2': [ '2.2.2' ],
50 silly audit   '@pkgjs/parseargs': [ '0.11.0' ],
50 silly audit   '@playwright/test': [ '1.57.0' ],
50 silly audit   '@popperjs/core': [ '2.11.8' ],
50 silly audit   '@rc-component/async-validator': [ '5.0.4' ],
50 silly audit   '@rc-component/color-picker': [ '2.0.1' ],
50 silly audit   '@rc-component/context': [ '1.4.0' ],
50 silly audit   '@rc-component/mini-decimal': [ '1.1.0' ],
50 silly audit   '@rc-component/mutate-observer': [ '1.1.0' ],
50 silly audit   '@rc-component/portal': [ '1.1.2' ],
50 silly audit   '@rc-component/qrcode': [ '1.0.0' ],
50 silly audit   '@rc-component/tour': [ '1.15.1' ],
50 silly audit   '@rc-component/trigger': [ '2.2.3' ],
50 silly audit   '@react-aria/breadcrumbs': [ '3.5.13' ],
50 silly audit   '@react-aria/button': [ '3.9.5' ],
50 silly audit   '@react-aria/calendar': [ '3.5.8' ],
50 silly audit   '@react-aria/checkbox': [ '3.14.3' ],
50 silly audit   '@react-aria/combobox': [ '3.9.1' ],
50 silly audit   '@react-aria/datepicker': [ '3.10.1' ],
50 silly audit   '@react-aria/dialog': [ '3.5.14' ],
50 silly audit   '@react-aria/focus': [ '3.17.1', '3.18.4' ],
50 silly audit   '@react-aria/form': [ '3.0.5' ],
50 silly audit   '@react-aria/grid': [ '3.10.5' ],
50 silly audit   '@react-aria/i18n': [ '3.12.3', '3.11.1' ],
50 silly audit   '@react-aria/interactions': [ '3.22.4', '3.21.3' ],
50 silly audit   '@react-aria/selection': [ '3.20.1', '3.18.1' ],
50 silly audit   '@react-aria/ssr': [ '3.9.6', '3.9.4' ],
50 silly audit   '@react-aria/utils': [ '3.25.3', '3.24.1' ],
50 silly audit   '@react-stately/collections': [ '3.11.0', '3.10.7' ],
50 silly audit   '@react-stately/utils': [ '3.10.4', '3.10.1' ],
50 silly audit   '@react-types/checkbox': [ '3.8.4', '3.8.1' ],
50 silly audit   '@react-types/grid': [ '3.2.9', '3.2.6' ],
50 silly audit   '@react-types/shared': [ '3.25.0', '3.23.1' ],
50 silly audit   '@react-aria/label': [ '3.7.8' ],
50 silly audit   '@react-aria/link': [ '3.7.1' ],
50 silly audit   '@react-aria/listbox': [ '3.12.1' ],
50 silly audit   '@react-aria/live-announcer': [ '3.4.0' ],
50 silly audit   '@react-aria/menu': [ '3.14.1' ],
50 silly audit   '@react-aria/overlays': [ '3.22.1' ],
50 silly audit   '@react-aria/progress': [ '3.4.13' ],
50 silly audit   '@react-aria/radio': [ '3.10.4' ],
50 silly audit   '@react-aria/slider': [ '3.7.8' ],
50 silly audit   '@react-aria/spinbutton': [ '3.6.9' ],
50 silly audit   '@react-types/button': [ '3.10.0', '3.9.4' ],
50 silly audit   '@react-aria/switch': [ '3.6.4' ],
50 silly audit   '@react-aria/table': [ '3.14.1' ],
50 silly audit   '@react-aria/tabs': [ '3.9.1' ],
50 silly audit   '@react-aria/textfield': [ '3.14.5' ],
50 silly audit   '@react-aria/toggle': [ '3.10.9' ],
50 silly audit   '@react-stately/toggle': [ '3.7.8', '3.7.4' ],
50 silly audit   '@react-aria/tooltip': [ '3.7.4' ],
50 silly audit   '@react-aria/visually-hidden': [ '3.8.12' ],
50 silly audit   '@react-stately/calendar': [ '3.5.1' ],
50 silly audit   '@react-stately/checkbox': [ '3.6.5' ],
50 silly audit   '@react-stately/combobox': [ '3.8.4' ],
50 silly audit   '@react-stately/datepicker': [ '3.9.4' ],
50 silly audit   '@react-stately/flags': [ '3.0.4' ],
50 silly audit   '@react-stately/form': [ '3.0.3', '3.0.6' ],
50 silly audit   '@react-stately/grid': [ '3.9.3' ],
50 silly audit   '@react-stately/list': [ '3.10.5', '3.11.0' ],
50 silly audit   '@react-stately/menu': [ '3.7.1' ],
50 silly audit   '@react-stately/overlays': [ '3.6.7', '3.6.11' ],
50 silly audit   '@react-stately/radio': [ '3.10.4' ],
50 silly audit   '@react-stately/select': [ '3.6.8' ],
50 silly audit   '@react-types/overlays': [ '3.8.10', '3.8.7' ],
50 silly audit   '@react-types/select': [ '3.9.7', '3.9.4' ],
50 silly audit   '@react-stately/selection': [ '3.17.0' ],
50 silly audit   '@react-stately/slider': [ '3.5.4' ],
50 silly audit   '@react-stately/table': [ '3.11.8' ],
50 silly audit   '@react-stately/tabs': [ '3.6.6' ],
50 silly audit   '@react-stately/tooltip': [ '3.4.9' ],
50 silly audit   '@react-stately/tree': [ '3.8.1' ],
50 silly audit   '@react-stately/virtualizer': [ '3.7.1' ],
50 silly audit   '@react-types/accordion': [ '3.0.0-alpha.21' ],
50 silly audit   '@react-types/breadcrumbs': [ '3.7.5' ],
50 silly audit   '@react-types/calendar': [ '3.4.6' ],
50 silly audit   '@react-types/combobox': [ '3.11.1' ],
50 silly audit   '@react-types/datepicker': [ '3.7.4' ],
50 silly audit   '@react-types/dialog': [ '3.5.13' ],
50 silly audit   '@react-types/link': [ '3.5.5' ],
50 silly audit   '@react-types/listbox': [ '3.5.2' ],
50 silly audit   '@react-types/menu': [ '3.9.9' ],
50 silly audit   '@react-types/progress': [ '3.5.4' ],
50 silly audit   '@react-types/radio': [ '3.8.1' ],
50 silly audit   '@react-types/slider': [ '3.7.6' ],
50 silly audit   '@react-types/switch': [ '3.5.6' ],
50 silly audit   '@react-types/table': [ '3.9.5' ],
50 silly audit   '@react-types/tabs': [ '3.3.7' ],
50 silly audit   '@react-types/textfield': [ '3.9.3' ],
50 silly audit   '@react-types/tooltip': [ '3.4.9' ],
50 silly audit   '@rtsao/scc': [ '1.1.0' ],
50 silly audit   '@rushstack/eslint-patch': [ '1.10.4' ],
50 silly audit   '@sinclair/typebox': [ '0.27.8', '0.34.46' ],
50 silly audit   '@sinonjs/commons': [ '3.0.1' ],
50 silly audit   '@sinonjs/fake-timers': [ '10.3.0' ],
50 silly audit   '@swc/counter': [ '0.1.3' ],
50 silly audit   '@swc/helpers': [ '0.5.13', '0.5.5' ],
50 silly audit   '@tootallnate/once': [ '2.0.0' ],
50 silly audit   '@tsconfig/node16': [ '1.0.4' ],
50 silly audit   '@types/babel__core': [ '7.20.5' ],
50 silly audit   '@types/babel__generator': [ '7.27.0' ],
50 silly audit   '@types/babel__template': [ '7.4.4' ],
50 silly audit   '@types/babel__traverse': [ '7.28.0' ],
50 silly audit   '@types/graceful-fs': [ '4.1.9' ],
50 silly audit   '@types/istanbul-lib-coverage': [ '2.0.6' ],
50 silly audit   '@types/istanbul-lib-report': [ '3.0.3' ],
50 silly audit   '@types/istanbul-reports': [ '3.0.4' ],
50 silly audit   '@types/jest': [ '30.0.0' ],
50 silly audit   '@types/jsdom': [ '20.0.1' ],
50 silly audit   '@types/json5': [ '0.0.29' ],
50 silly audit   '@types/lodash': [ '4.17.12' ],
50 silly audit   '@types/lodash.debounce': [ '4.0.9' ],
50 silly audit   '@types/node': [ '25.0.3' ],
50 silly audit   '@types/parse-json': [ '4.0.2' ],
50 silly audit   '@types/prop-types': [ '15.7.13' ],
50 silly audit   '@types/react': [ '18.3.12' ],
50 silly audit   '@types/react-transition-group': [ '4.4.11' ],
50 silly audit   '@types/stack-utils': [ '2.0.3' ],
50 silly audit   '@types/tough-cookie': [ '4.0.5' ],
50 silly audit   '@types/webidl-conversions': [ '7.0.3' ],
50 silly audit   '@types/whatwg-url': [ '11.0.5' ],
50 silly audit   '@types/yargs': [ '17.0.35' ],
50 silly audit   '@types/yargs-parser': [ '21.0.3' ],
50 silly audit   '@typescript-eslint/parser': [ '6.21.0' ],
50 silly audit   '@typescript-eslint/scope-manager': [ '6.21.0' ],
50 silly audit   '@typescript-eslint/types': [ '6.21.0' ],
50 silly audit   '@typescript-eslint/typescript-estree': [ '6.21.0' ],
50 silly audit   'brace-expansion': [ '2.0.2', '1.1.12' ],
50 silly audit   minimatch: [ '9.0.3', '3.1.2', '9.0.5' ],
50 silly audit   '@typescript-eslint/visitor-keys': [ '6.21.0' ],
50 silly audit   '@ungap/structured-clone': [ '1.2.0' ],
50 silly audit   abab: [ '2.0.6' ],
50 silly audit   abbrev: [ '1.1.1' ],
50 silly audit   acorn: [ '8.13.0' ],
50 silly audit   'acorn-globals': [ '7.0.1' ],
50 silly audit   'acorn-jsx': [ '5.3.2' ],
50 silly audit   'acorn-walk': [ '8.3.4' ],
50 silly audit   'agent-base': [ '6.0.2' ],
50 silly audit   ajv: [ '6.12.6' ],
50 silly audit   'ansi-escapes': [ '4.3.2' ],
50 silly audit   antd: [ '5.21.5' ],
50 silly audit   'scroll-into-view-if-needed': [ '3.1.0', '3.0.10' ],
50 silly audit   'any-promise': [ '1.3.0' ],
50 silly audit   anymatch: [ '3.1.3' ],
50 silly audit   'append-field': [ '1.0.0' ],
50 silly audit   aproba: [ '2.0.0' ],
50 silly audit   'are-we-there-yet': [ '2.0.0' ],
50 silly audit   'readable-stream': [ '3.6.2', '2.3.8' ],
50 silly audit   arg: [ '5.0.2' ],
50 silly audit   'aria-query': [ '5.3.2' ],
50 silly audit   'array-buffer-byte-length': [ '1.0.1' ],
50 silly audit   'array-includes': [ '3.1.8' ],
50 silly audit   'array-tree-filter': [ '2.1.0' ],
50 silly audit   'array-union': [ '2.1.0' ],
50 silly audit   'array.prototype.findlast': [ '1.2.5' ],
50 silly audit   'array.prototype.findlastindex': [ '1.2.5' ],
50 silly audit   'array.prototype.flat': [ '1.3.2' ],
50 silly audit   'array.prototype.flatmap': [ '1.3.2' ],
50 silly audit   'array.prototype.tosorted': [ '1.1.4' ],
50 silly audit   'arraybuffer.prototype.slice': [ '1.0.3' ],
50 silly audit   asap: [ '2.0.6' ],
50 silly audit   'ast-types-flow': [ '0.0.8' ],
50 silly audit   asynckit: [ '0.4.0' ],
50 silly audit   autoprefixer: [ '10.4.17' ],
50 silly audit   'available-typed-arrays': [ '1.0.7' ],
50 silly audit   aws4: [ '1.13.2' ],
50 silly audit   'axe-core': [ '4.10.2' ],
50 silly audit   axios: [ '1.11.0' ],
50 silly audit   'axobject-query': [ '4.1.0' ],
50 silly audit   'babel-jest': [ '29.7.0' ],
50 silly audit   'babel-plugin-istanbul': [ '6.1.1' ],
50 silly audit   'istanbul-lib-instrument': [ '5.2.1', '6.0.3' ],
50 silly audit   'babel-plugin-jest-hoist': [ '29.6.3' ],
50 silly audit   'babel-plugin-macros': [ '3.1.0' ],
50 silly audit   'babel-preset-current-node-syntax': [ '1.2.0' ],
50 silly audit   'babel-preset-jest': [ '29.6.3' ],
50 silly audit   'balanced-match': [ '1.0.2' ],
50 silly audit   bcrypt: [ '5.1.1' ],
50 silly audit   'binary-extensions': [ '2.3.0' ],
50 silly audit   braces: [ '3.0.3' ],
50 silly audit   browserslist: [ '4.24.2' ],
50 silly audit   bser: [ '2.1.1' ],
50 silly audit   bson: [ '6.10.4' ],
50 silly audit   'buffer-from': [ '1.1.2' ],
50 silly audit   busboy: [ '1.6.0' ],
50 silly audit   'call-bind': [ '1.0.7' ],
50 silly audit   'call-bind-apply-helpers': [ '1.0.2' ],
50 silly audit   callsites: [ '3.1.0' ],
50 silly audit   camelcase: [ '5.3.1', '6.3.0' ],
50 silly audit   'camelcase-css': [ '2.0.1' ],
50 silly audit   'caniuse-lite': [ '1.0.30001669' ],
50 silly audit   chalk: [ '4.1.2', '1.1.3' ],
50 silly audit   'char-regex': [ '1.0.2' ],
50 silly audit   chokidar: [ '3.6.0' ],
50 silly audit   'glob-parent': [ '5.1.2', '6.0.2' ],
50 silly audit   chownr: [ '2.0.0' ],
50 silly audit   'ci-info': [ '3.9.0', '4.3.1' ],
50 silly audit   'cjs-module-lexer': [ '1.4.3' ],
50 silly audit   classnames: [ '2.5.1' ],
50 silly audit   'client-only': [ '0.0.1' ],
50 silly audit   cliui: [ '8.0.1' ],
50 silly audit   cloudinary: [ '2.5.1' ],
50 silly audit   co: [ '4.6.0' ],
50 silly audit   'collect-v8-coverage': [ '1.0.3' ],
50 silly audit   color: [ '4.2.3' ],
50 silly audit   'color-convert': [ '2.0.1' ],
50 silly audit   'color-name': [ '1.1.4' ],
50 silly audit   'color-string': [ '1.9.1' ],
50 silly audit   'color-support': [ '1.1.3' ],
50 silly audit   color2k: [ '2.0.3' ],
50 silly audit   'combined-stream': [ '1.0.8' ],
50 silly audit   'common-tags': [ '1.8.2' ],
50 silly audit   'compute-scroll-into-view': [ '3.1.0' ],
50 silly audit   'concat-map': [ '0.0.1' ],
50 silly audit   'concat-stream': [ '1.6.2' ],
50 silly audit   'console-control-strings': [ '1.1.0' ],
50 silly audit   cookie: [ '0.7.2' ],
50 silly audit   'copy-to-clipboard': [ '3.3.3' ],
50 silly audit   'core-util-is': [ '1.0.3' ],
50 silly audit   cosmiconfig: [ '7.1.0' ],
50 silly audit   'create-jest': [ '29.7.0' ],
50 silly audit   'cross-spawn': [ '7.0.6' ],
50 silly audit   cssesc: [ '3.0.0' ],
50 silly audit   cssom: [ '0.5.0', '0.3.8' ],
50 silly audit   cssstyle: [ '2.3.0' ],
50 silly audit   csstype: [ '3.1.3' ],
50 silly audit   'damerau-levenshtein': [ '1.0.8' ],
50 silly audit   'data-urls': [ '3.0.2' ],
50 silly audit   tr46: [ '3.0.0', '0.0.3', '4.1.1' ],
50 silly audit   'whatwg-url': [ '11.0.0', '5.0.0', '13.0.0' ],
50 silly audit   'data-view-buffer': [ '1.0.1' ],
50 silly audit   'data-view-byte-length': [ '1.0.1' ],
50 silly audit   'data-view-byte-offset': [ '1.0.0' ],
50 silly audit   'date-fns': [ '3.6.0' ],
50 silly audit   dayjs: [ '1.11.13' ],
50 silly audit   debug: [ '4.3.7', '3.2.7' ],
50 silly audit   'decimal.js': [ '10.6.0' ],
50 silly audit   dedent: [ '1.7.1' ],
50 silly audit   'deep-is': [ '0.1.4' ],
50 silly audit   deepmerge: [ '4.3.1' ],
50 silly audit   'define-data-property': [ '1.1.4' ],
50 silly audit   'define-properties': [ '1.2.1' ],
50 silly audit   'delayed-stream': [ '1.0.0' ],
50 silly audit   delegates: [ '1.0.0' ],
50 silly audit   'detect-libc': [ '2.0.3' ],
50 silly audit   'detect-newline': [ '3.1.0' ],
50 silly audit   'detect-node-es': [ '1.1.0' ],
50 silly audit   dezalgo: [ '1.0.4' ],
50 silly audit   didyoumean: [ '1.2.2' ],
50 silly audit   'diff-sequences': [ '29.6.3' ],
50 silly audit   'dir-glob': [ '3.0.1' ],
50 silly audit   dlv: [ '1.1.3' ],
50 silly audit   doctrine: [ '3.0.0', '2.1.0' ],
50 silly audit   'dom-helpers': [ '5.2.1' ],
50 silly audit   domexception: [ '4.0.0' ],
50 silly audit   'dunder-proto': [ '1.0.1' ],
50 silly audit   eastasianwidth: [ '0.2.0' ],
50 silly audit   'electron-to-chromium': [ '1.5.45' ],
50 silly audit   emittery: [ '0.13.1' ],
50 silly audit   'emoji-regex': [ '9.2.2', '8.0.0' ],
50 silly audit   'enhanced-resolve': [ '5.17.1' ],
50 silly audit   entities: [ '6.0.1' ],
50 silly audit   'error-ex': [ '1.3.2' ],
50 silly audit   'es-abstract': [ '1.23.3' ],
50 silly audit   'es-define-property': [ '1.0.1' ],
50 silly audit   'es-errors': [ '1.3.0' ],
50 silly audit   'es-iterator-helpers': [ '1.1.0' ],
50 silly audit   'es-object-atoms': [ '1.1.1' ],
50 silly audit   'es-set-tostringtag': [ '2.1.0' ],
50 silly audit   'es-shim-unscopables': [ '1.0.2' ],
50 silly audit   'es-to-primitive': [ '1.2.1' ],
50 silly audit   escalade: [ '3.2.0' ],
50 silly audit   'escape-string-regexp': [ '4.0.0', '1.0.5', '2.0.0' ],
50 silly audit   escodegen: [ '2.1.0' ],
50 silly audit   'source-map': [ '0.6.1', '0.5.7' ],
50 silly audit   eslint: [ '8.57.1' ],
50 silly audit   'eslint-config-next': [ '14.0.4' ],
50 silly audit   'eslint-import-resolver-node': [ '0.3.9' ],
50 silly audit   'eslint-import-resolver-typescript': [ '3.6.3' ],
50 silly audit   'eslint-module-utils': [ '2.12.0' ],
50 silly audit   'eslint-plugin-import': [ '2.31.0' ],
50 silly audit   'eslint-plugin-jsx-a11y': [ '6.10.1' ],
50 silly audit   'eslint-plugin-react': [ '7.37.2' ],
50 silly audit   'eslint-plugin-react-hooks': [ '4.6.2' ],
50 silly audit   resolve: [ '2.0.0-next.5', '1.22.8' ],
50 silly audit   'eslint-scope': [ '7.2.2' ],
50 silly audit   'eslint-visitor-keys': [ '3.4.3' ],
50 silly audit   espree: [ '9.6.1' ],
50 silly audit   esprima: [ '4.0.1' ],
50 silly audit   esquery: [ '1.6.0' ],
50 silly audit   esrecurse: [ '4.3.0' ],
50 silly audit   estraverse: [ '5.3.0' ],
50 silly audit   esutils: [ '2.0.3' ],
50 silly audit   execa: [ '5.1.1' ],
50 silly audit   exit: [ '0.1.2' ],
50 silly audit   'fast-deep-equal': [ '3.1.3' ],
50 silly audit   'fast-glob': [ '3.3.2' ],
50 silly audit   'fast-json-stable-stringify': [ '2.1.0' ],
50 silly audit   'fast-levenshtein': [ '2.0.6' ],
50 silly audit   fastq: [ '1.17.1' ],
50 silly audit   'fb-watchman': [ '2.0.2' ],
50 silly audit   'file-entry-cache': [ '6.0.1' ],
50 silly audit   'fill-range': [ '7.1.1' ],
50 silly audit   'find-root': [ '1.1.0' ],
50 silly audit   flat: [ '5.0.2' ],
50 silly audit   'flat-cache': [ '3.2.0' ],
50 silly audit   flatted: [ '3.3.1' ],
50 silly audit   'follow-redirects': [ '1.15.9' ],
50 silly audit   'for-each': [ '0.3.3' ],
50 silly audit   'foreground-child': [ '3.3.0' ],
50 silly audit   'signal-exit': [ '4.1.0', '3.0.7' ],
50 silly audit   'form-data': [ '4.0.4' ],
50 silly audit   formidable: [ '3.5.4' ],
50 silly audit   'fraction.js': [ '4.3.7' ],
50 silly audit   'framer-motion': [ '12.23.11' ],
50 silly audit   'fs-minipass': [ '2.1.0' ],
50 silly audit   minipass: [ '3.3.6', '5.0.0', '7.1.2' ],
50 silly audit   'fs.realpath': [ '1.0.0' ],
50 silly audit   fsevents: [ '2.3.3', '2.3.2' ],
50 silly audit   'function-bind': [ '1.1.2' ],
50 silly audit   'function.prototype.name': [ '1.1.6' ],
50 silly audit   'functions-have-names': [ '1.2.3' ],
50 silly audit   gauge: [ '3.0.2' ],
50 silly audit   gensync: [ '1.0.0-beta.2' ],
50 silly audit   'get-caller-file': [ '2.0.5' ],
50 silly audit   'get-intrinsic': [ '1.3.0' ],
50 silly audit   'get-nonce': [ '1.0.1' ],
50 silly audit   'get-package-type': [ '0.1.0' ],
50 silly audit   'get-proto': [ '1.0.1' ],
50 silly audit   'get-stream': [ '6.0.1' ],
50 silly audit   'get-symbol-description': [ '1.0.2' ],
50 silly audit   'get-tsconfig': [ '4.8.1' ],
50 silly audit   glob: [ '7.1.7', '10.4.5' ],
50 silly audit   globalthis: [ '1.0.4' ],
50 silly audit   globby: [ '11.1.0' ],
50 silly audit   goober: [ '2.1.16' ],
50 silly audit   gopd: [ '1.2.0' ],
50 silly audit   'graceful-fs': [ '4.2.11' ],
50 silly audit   graphemer: [ '1.4.0' ],
50 silly audit   'has-ansi': [ '2.0.0' ],
50 silly audit   'has-bigints': [ '1.0.2' ],
50 silly audit   'has-flag': [ '4.0.0' ],
50 silly audit   'has-property-descriptors': [ '1.0.2' ],
50 silly audit   'has-proto': [ '1.0.3' ],
50 silly audit   'has-symbols': [ '1.1.0' ],
50 silly audit   'has-tostringtag': [ '1.0.2' ],
50 silly audit   'has-unicode': [ '2.0.1' ],
50 silly audit   hasown: [ '2.0.2' ],
50 silly audit   'hoist-non-react-statics': [ '3.3.2' ],
50 silly audit   'react-is': [ '16.13.1', '18.3.1' ],
50 silly audit   'html-encoding-sniffer': [ '3.0.0' ],
50 silly audit   'html-escaper': [ '2.0.2' ],
50 silly audit   'html-parse-stringify': [ '3.0.1' ],
50 silly audit   'http-proxy-agent': [ '5.0.0' ],
50 silly audit   'https-proxy-agent': [ '5.0.1' ],
50 silly audit   'human-signals': [ '2.1.0' ],
50 silly audit   i18next: [ '23.16.3' ],
50 silly audit   'iconv-lite': [ '0.6.3' ],
50 silly audit   ignore: [ '5.3.2' ],
50 silly audit   'import-fresh': [ '3.3.0' ],
50 silly audit   'import-local': [ '3.2.0' ],
50 silly audit   imurmurhash: [ '0.1.4' ],
50 silly audit   'indent-string': [ '4.0.0' ],
50 silly audit   inflight: [ '1.0.6' ],
50 silly audit   inherits: [ '2.0.4' ],
50 silly audit   'internal-slot': [ '1.0.7' ],
50 silly audit   'intl-messageformat': [ '10.7.1' ],
50 silly audit   invariant: [ '2.2.4' ],
50 silly audit   'is-array-buffer': [ '3.0.4' ],
50 silly audit   'is-arrayish': [ '0.2.1', '0.3.2' ],
50 silly audit   'is-async-function': [ '2.0.0' ],
50 silly audit   'is-bigint': [ '1.0.4' ],
50 silly audit   'is-binary-path': [ '2.1.0' ],
50 silly audit   'is-boolean-object': [ '1.1.2' ],
50 silly audit   'is-bun-module': [ '1.2.1' ],
50 silly audit   'is-callable': [ '1.2.7' ],
50 silly audit   'is-core-module': [ '2.15.1' ],
50 silly audit   'is-data-view': [ '1.0.1' ],
50 silly audit   'is-date-object': [ '1.0.5' ],
50 silly audit   'is-extglob': [ '2.1.1' ],
50 silly audit   'is-finalizationregistry': [ '1.0.2' ],
50 silly audit   'is-fullwidth-code-point': [ '3.0.0' ],
50 silly audit   'is-generator-fn': [ '2.1.0' ],
50 silly audit   'is-generator-function': [ '1.0.10' ],
50 silly audit   'is-glob': [ '4.0.3' ],
50 silly audit   'is-map': [ '2.0.3' ],
50 silly audit   'is-negative-zero': [ '2.0.3' ],
50 silly audit   'is-number': [ '7.0.0' ],
50 silly audit   'is-number-object': [ '1.0.7' ],
50 silly audit   'is-path-inside': [ '3.0.3' ],
50 silly audit   'is-potential-custom-element-name': [ '1.0.1' ],
50 silly audit   'is-regex': [ '1.1.4' ],
50 silly audit   'is-set': [ '2.0.3' ],
50 silly audit   'is-shared-array-buffer': [ '1.0.3' ],
50 silly audit   'is-stream': [ '2.0.1' ],
50 silly audit   'is-string': [ '1.0.7' ],
50 silly audit   'is-symbol': [ '1.0.4' ],
50 silly audit   'is-typed-array': [ '1.1.13' ],
50 silly audit   'is-weakmap': [ '2.0.2' ],
50 silly audit   'is-weakref': [ '1.0.2' ],
50 silly audit   'is-weakset': [ '2.0.3' ],
50 silly audit   isarray: [ '1.0.0', '2.0.5' ],
50 silly audit   isexe: [ '2.0.0' ],
50 silly audit   'istanbul-lib-coverage': [ '3.2.2' ],
50 silly audit   'istanbul-lib-report': [ '3.0.1' ],
50 silly audit   'make-dir': [ '4.0.0', '3.1.0' ],
50 silly audit   'istanbul-lib-source-maps': [ '4.0.1' ],
50 silly audit   'istanbul-reports': [ '3.2.0' ],
50 silly audit   'iterator.prototype': [ '1.1.3' ],
50 silly audit   jackspeak: [ '3.4.3' ],
50 silly audit   jest: [ '29.7.0' ],
50 silly audit   'jest-changed-files': [ '29.7.0' ],
50 silly audit   'jest-circus': [ '29.7.0' ],
50 silly audit   'jest-cli': [ '29.7.0' ],
50 silly audit   'jest-config': [ '29.7.0' ],
50 silly audit   'jest-docblock': [ '29.7.0' ],
50 silly audit   'jest-each': [ '29.7.0' ],
50 silly audit   'jest-environment-jsdom': [ '29.7.0' ],
50 silly audit   'jest-environment-node': [ '29.7.0' ],
50 silly audit   'jest-get-type': [ '29.6.3' ],
50 silly audit   'jest-haste-map': [ '29.7.0' ],
50 silly audit   'jest-leak-detector': [ '29.7.0' ],
50 silly audit   'jest-pnp-resolver': [ '1.2.3' ],
50 silly audit   'jest-resolve': [ '29.7.0' ],
50 silly audit   'jest-resolve-dependencies': [ '29.7.0' ],
50 silly audit   'jest-runner': [ '29.7.0' ],
50 silly audit   'jest-runtime': [ '29.7.0' ],
50 silly audit   'jest-snapshot': [ '29.7.0' ],
50 silly audit   picomatch: [ '4.0.3', '2.3.1' ],
50 silly audit   'jest-validate': [ '29.7.0' ],
50 silly audit   'jest-watcher': [ '29.7.0' ],
50 silly audit   'jest-worker': [ '29.7.0' ],
50 silly audit   'supports-color': [ '8.1.1', '2.0.0', '7.2.0' ],
50 silly audit   jiti: [ '1.21.6' ],
50 silly audit   jose: [ '4.15.9' ],
50 silly audit   'js-tokens': [ '4.0.0' ],
50 silly audit   jsdom: [ '20.0.3' ],
50 silly audit   jsesc: [ '3.0.2' ],
50 silly audit   'json-buffer': [ '3.0.1' ],
50 silly audit   'json-parse-even-better-errors': [ '2.3.1' ],
50 silly audit   'json-schema-traverse': [ '0.4.1' ],
50 silly audit   'json-stable-stringify-without-jsonify': [ '1.0.1' ],
50 silly audit   json2mq: [ '0.2.0' ],
50 silly audit   json5: [ '2.2.3', '1.0.2' ],
50 silly audit   'jsx-ast-utils': [ '3.3.5' ],
50 silly audit   kareem: [ '2.6.3' ],
50 silly audit   keyv: [ '4.5.4' ],
50 silly audit   kleur: [ '3.0.3' ],
50 silly audit   'language-subtag-registry': [ '0.3.23' ],
50 silly audit   'language-tags': [ '1.0.9' ],
50 silly audit   leven: [ '3.1.0' ],
50 silly audit   levn: [ '0.4.1' ],
50 silly audit   lilconfig: [ '2.1.0', '3.1.2' ],
50 silly audit   'lines-and-columns': [ '1.2.4' ],
50 silly audit   lodash: [ '4.17.21' ],
50 silly audit   'lodash.debounce': [ '4.0.8' ],
50 silly audit   'lodash.foreach': [ '4.5.0' ],
50 silly audit   'lodash.get': [ '4.4.2' ],
50 silly audit   'lodash.kebabcase': [ '4.1.1' ],
50 silly audit   'lodash.mapkeys': [ '4.6.0' ],
50 silly audit   'lodash.merge': [ '4.6.2' ],
50 silly audit   'lodash.omit': [ '4.5.0' ],
50 silly audit   'lodash.throttle': [ '4.1.1' ],
50 silly audit   loglevel: [ '1.9.2' ],
50 silly audit   'loglevel-colored-level-prefix': [ '1.0.0' ],
50 silly audit   'loose-envify': [ '1.4.0' ],
50 silly audit   makeerror: [ '1.0.12' ],
50 silly audit   'math-intrinsics': [ '1.1.0' ],
50 silly audit   'media-typer': [ '0.3.0' ],
50 silly audit   'memory-pager': [ '1.5.0' ],
50 silly audit   'merge-stream': [ '2.0.0' ],
50 silly audit   merge2: [ '1.4.1' ],
50 silly audit   micromatch: [ '4.0.8' ],
50 silly audit   'mime-db': [ '1.52.0' ],
50 silly audit   'mime-types': [ '2.1.35' ],
50 silly audit   'mimic-fn': [ '2.1.0' ],
50 silly audit   minimist: [ '1.2.8' ],
50 silly audit   minizlib: [ '2.1.2' ],
50 silly audit   mkdirp: [ '0.5.6', '1.0.4' ],
50 silly audit   mongodb: [ '6.17.0' ],
50 silly audit   'mongodb-connection-string-url': [ '3.0.1' ],
50 silly audit   mongoose: [ '8.16.5' ],
50 silly audit   'motion-dom': [ '12.23.9' ],
50 silly audit   'motion-utils': [ '12.23.6' ],
50 silly audit   mpath: [ '0.9.0' ],
50 silly audit   mquery: [ '5.0.0' ],
50 silly audit   ms: [ '2.1.3' ],
50 silly audit   multer: [ '1.4.5-lts.1' ],
50 silly audit   mz: [ '2.7.0' ],
50 silly audit   nanoid: [ '3.3.8' ],
50 silly audit   'natural-compare': [ '1.4.0' ],
50 silly audit   next: [ '14.2.30' ],
50 silly audit   'next-auth': [ '4.24.10' ],
50 silly audit   'next-cloudinary': [ '6.16.0' ],
50 silly audit   'next-connect': [ '1.0.0' ],
50 silly audit   postcss: [ '8.4.31', '8.4.47' ],
50 silly audit   'node-addon-api': [ '5.1.0' ],
50 silly audit   'node-fetch': [ '2.7.0' ],
50 silly audit   'webidl-conversions': [ '3.0.1', '7.0.0' ],
50 silly audit   'node-int64': [ '0.4.0' ],
50 silly audit   'node-releases': [ '2.0.18' ],
50 silly audit   nodemailer: [ '6.10.1' ],
50 silly audit   nopt: [ '5.0.0' ],
50 silly audit   'normalize-path': [ '3.0.0' ],
50 silly audit   'normalize-range': [ '0.1.2' ],
50 silly audit   notistack: [ '3.0.2' ],
50 silly audit   'npm-run-path': [ '4.0.1' ],
50 silly audit   npmlog: [ '5.0.1' ],
50 silly audit   nwsapi: [ '2.2.23' ],
50 silly audit   oauth: [ '0.9.15' ],
50 silly audit   'object-assign': [ '4.1.1' ],
50 silly audit   'object-hash': [ '2.2.0', '3.0.0' ],
50 silly audit   'object-inspect': [ '1.13.2' ],
50 silly audit   'object-keys': [ '1.1.1' ],
50 silly audit   'object.assign': [ '4.1.5' ],
50 silly audit   'object.entries': [ '1.1.8' ],
50 silly audit   'object.fromentries': [ '2.0.8' ],
50 silly audit   'object.groupby': [ '1.0.3' ],
50 silly audit   'object.values': [ '1.2.0' ],
50 silly audit   'oidc-token-hash': [ '5.0.3' ],
50 silly audit   once: [ '1.4.0' ],
50 silly audit   onetime: [ '5.1.2' ],
50 silly audit   'openid-client': [ '5.7.0' ],
50 silly audit   optionator: [ '0.9.4' ],
50 silly audit   'p-try': [ '2.2.0' ],
50 silly audit   'package-json-from-dist': [ '1.0.1' ],
50 silly audit   'parent-module': [ '1.0.1' ],
50 silly audit   'parse-json': [ '5.2.0' ],
50 silly audit   parse5: [ '7.3.0' ],
50 silly audit   'path-exists': [ '4.0.0' ],
50 silly audit   'path-is-absolute': [ '1.0.1' ],
50 silly audit   'path-key': [ '3.1.1' ],
50 silly audit   'path-parse': [ '1.0.7' ],
50 silly audit   'path-scurry': [ '1.11.1' ],
50 silly audit   'path-type': [ '4.0.0' ],
50 silly audit   picocolors: [ '1.1.1' ],
50 silly audit   pify: [ '2.3.0' ],
50 silly audit   pirates: [ '4.0.6' ],
50 silly audit   'pkg-dir': [ '4.2.0' ],
50 silly audit   playwright: [ '1.57.0' ],
50 silly audit   'playwright-core': [ '1.57.0' ],
50 silly audit   'possible-typed-array-names': [ '1.0.0' ],
50 silly audit   'postcss-import': [ '15.1.0' ],
50 silly audit   'postcss-js': [ '4.0.1' ],
50 silly audit   'postcss-load-config': [ '4.0.2' ],
50 silly audit   yaml: [ '2.6.0', '1.10.2' ],
50 silly audit   'postcss-nested': [ '6.2.0' ],
50 silly audit   'postcss-selector-parser': [ '6.1.2' ],
50 silly audit   'postcss-value-parser': [ '4.2.0' ],
50 silly audit   preact: [ '10.24.3' ],
50 silly audit   'preact-render-to-string': [ '5.2.6' ],
50 silly audit   'prelude-ls': [ '1.2.1' ],
50 silly audit   prettier: [ '2.8.8', '3.3.3' ],
50 silly audit   'prettier-eslint': [ '16.3.0' ],
50 silly audit   'process-nextick-args': [ '2.0.1' ],
50 silly audit   prompts: [ '2.4.2' ],
50 silly audit   'prop-types': [ '15.8.1' ],
50 silly audit   'proxy-from-env': [ '1.1.0' ],
50 silly audit   psl: [ '1.15.0' ],
50 silly audit   punycode: [ '2.3.1' ],
50 silly audit   'pure-rand': [ '6.1.0', '7.0.1' ],
50 silly audit   q: [ '1.5.1' ],
50 silly audit   querystringify: [ '2.2.0' ],
50 silly audit   'queue-microtask': [ '1.2.3' ],
50 silly audit   'rate-limiter-flexible': [ '5.0.4' ],
50 silly audit   'rc-cascader': [ '3.28.2' ],
50 silly audit   'rc-checkbox': [ '3.3.0' ],
50 silly audit   'rc-collapse': [ '3.8.0' ],
50 silly audit   'rc-dialog': [ '9.6.0' ],
50 silly audit   'rc-drawer': [ '7.2.0' ],
50 silly audit   'rc-dropdown': [ '4.2.0' ],
50 silly audit   'rc-field-form': [ '2.4.0' ],
50 silly audit   'rc-image': [ '7.11.0' ],
50 silly audit   'rc-input': [ '1.6.3' ],
50 silly audit   'rc-input-number': [ '9.2.0' ],
50 silly audit   'rc-mentions': [ '2.16.1' ],
50 silly audit   'rc-menu': [ '9.15.1' ],
50 silly audit   'rc-motion': [ '2.9.3' ],
50 silly audit   'rc-notification': [ '5.6.2' ],
50 silly audit   'rc-overflow': [ '1.3.2' ],
50 silly audit   'rc-pagination': [ '4.3.0' ],
50 silly audit   'rc-picker': [ '4.6.15' ],
50 silly audit   'rc-progress': [ '4.0.0' ],
50 silly audit   'rc-rate': [ '2.13.0' ],
50 silly audit   'rc-resize-observer': [ '1.4.0' ],
50 silly audit   'rc-segmented': [ '2.5.0' ],
50 silly audit   'rc-select': [ '14.15.2' ],
50 silly audit   'rc-slider': [ '11.1.7' ],
50 silly audit   'rc-steps': [ '6.0.1' ],
50 silly audit   'rc-switch': [ '4.1.0' ],
50 silly audit   'rc-table': [ '7.47.5' ],
50 silly audit   'rc-tabs': [ '15.3.0' ],
50 silly audit   'rc-textarea': [ '1.8.2' ],
50 silly audit   'rc-tooltip': [ '6.2.1' ],
50 silly audit   'rc-tree': [ '5.9.0' ],
50 silly audit   'rc-tree-select': [ '5.23.0' ],
50 silly audit   'rc-upload': [ '4.8.1' ],
50 silly audit   'rc-util': [ '5.43.0' ],
50 silly audit   'rc-virtual-list': [ '3.14.8' ],
50 silly audit   react: [ '18.3.1' ],
50 silly audit   'react-date-range': [ '1.4.0' ],
50 silly audit   'react-datepicker': [ '7.5.0' ],
50 silly audit   'react-dom': [ '18.3.1' ],
50 silly audit   'react-i18next': [ '13.5.0' ],
50 silly audit   'react-icons': [ '4.12.0' ],
50 silly audit   'react-list': [ '0.8.17' ],
50 silly audit   'react-remove-scroll': [ '2.6.0' ],
50 silly audit   'react-remove-scroll-bar': [ '2.3.6' ],
50 silly audit   'react-scripts': [ '0.0.0' ],
50 silly audit   'react-scroll': [ '1.9.0' ],
50 silly audit   'react-style-singleton': [ '2.2.1' ],
50 silly audit   'react-textarea-autosize': [ '8.5.4' ],
50 silly audit   'react-transition-group': [ '4.4.5' ],
50 silly audit   'read-cache': [ '1.0.0' ],
50 silly audit   readdirp: [ '3.6.0' ],
50 silly audit   'reflect.getprototypeof': [ '1.0.6' ],
50 silly audit   'regexp.prototype.flags': [ '1.5.3' ],
50 silly audit   regexparam: [ '2.0.2' ],
50 silly audit   'require-directory': [ '2.1.1' ],
50 silly audit   'require-relative': [ '0.8.7' ],
50 silly audit   'requires-port': [ '1.0.0' ],
50 silly audit   reselect: [ '5.1.1' ],
50 silly audit   'resize-observer-polyfill': [ '1.5.1' ],
50 silly audit   'resolve-cwd': [ '3.0.0' ],
50 silly audit   'resolve-pkg-maps': [ '1.0.0' ],
50 silly audit   'resolve.exports': [ '2.0.3' ],
50 silly audit   reusify: [ '1.0.4' ],
50 silly audit   rimraf: [ '3.0.2' ],
50 silly audit   'run-parallel': [ '1.2.0' ],
50 silly audit   'safe-array-concat': [ '1.1.2' ],
50 silly audit   'safe-buffer': [ '5.1.2' ],
50 silly audit   'safe-regex-test': [ '1.0.3' ],
50 silly audit   'safer-buffer': [ '2.1.2' ],
50 silly audit   saxes: [ '6.0.0' ],
50 silly audit   scheduler: [ '0.23.2' ],
50 silly audit   'set-blocking': [ '2.0.0' ],
50 silly audit   'set-function-length': [ '1.2.2' ],
50 silly audit   'set-function-name': [ '2.0.2' ],
50 silly audit   'shallow-equal': [ '1.2.1' ],
50 silly audit   'shebang-command': [ '2.0.0' ],
50 silly audit   'shebang-regex': [ '3.0.0' ],
50 silly audit   'side-channel': [ '1.0.6' ],
50 silly audit   sift: [ '17.1.3' ],
50 silly audit   'simple-swizzle': [ '0.2.2' ],
50 silly audit   sisteransi: [ '1.0.5' ],
50 silly audit   slash: [ '3.0.0' ],
50 silly audit   'source-map-js': [ '1.2.1' ],
50 silly audit   'source-map-support': [ '0.5.13' ],
50 silly audit   'sparse-bitfield': [ '3.0.3' ],
50 silly audit   'sprintf-js': [ '1.0.3' ],
50 silly audit   'stack-utils': [ '2.0.6' ],
50 silly audit   streamsearch: [ '1.1.0' ],
50 silly audit   string_decoder: [ '1.1.1' ],
50 silly audit   'string-convert': [ '0.2.1' ],
50 silly audit   'string-length': [ '4.0.2' ],
50 silly audit   'string.prototype.includes': [ '2.0.1' ],
50 silly audit   'string.prototype.matchall': [ '4.0.11' ],
50 silly audit   'string.prototype.repeat': [ '1.0.0' ],
50 silly audit   'string.prototype.trim': [ '1.2.9' ],
50 silly audit   'string.prototype.trimend': [ '1.0.8' ],
50 silly audit   'string.prototype.trimstart': [ '1.0.8' ],
50 silly audit   'strip-bom': [ '4.0.0', '3.0.0' ],
50 silly audit   'strip-final-newline': [ '2.0.0' ],
50 silly audit   'strip-json-comments': [ '3.1.1' ],
50 silly audit   'styled-jsx': [ '5.1.1' ],
50 silly audit   sucrase: [ '3.35.0' ],
50 silly audit   commander: [ '4.1.1' ],
50 silly audit   'supports-preserve-symlinks-flag': [ '1.0.0' ],
50 silly audit   'symbol-tree': [ '3.2.4' ],
50 silly audit   tabbable: [ '6.2.0' ],
50 silly audit   'tailwind-merge': [ '1.14.0' ],
50 silly audit   'tailwind-variants': [ '0.1.20' ],
50 silly audit   tailwindcss: [ '3.4.14' ],
50 silly audit   tapable: [ '2.2.1' ],
50 silly audit   tar: [ '6.2.1' ],
50 silly audit   'test-exclude': [ '6.0.0' ],
50 silly audit   'text-table': [ '0.2.0' ],
50 silly audit   thenify: [ '3.3.1' ],
50 silly audit   'thenify-all': [ '1.6.0' ],
50 silly audit   'throttle-debounce': [ '5.0.2' ],
50 silly audit   tmpl: [ '1.0.5' ],
50 silly audit   'to-regex-range': [ '5.0.1' ],
50 silly audit   'toggle-selection': [ '1.0.6' ],
50 silly audit   'tough-cookie': [ '4.1.4' ],
50 silly audit   'ts-api-utils': [ '1.3.0' ],
50 silly audit   'ts-interface-checker': [ '0.1.13' ],
50 silly audit   'tsconfig-paths': [ '3.15.0' ],
50 silly audit   tslib: [ '2.8.0' ],
50 silly audit   'type-check': [ '0.4.0' ],
50 silly audit   'type-detect': [ '4.0.8' ],
50 silly audit   'type-is': [ '1.6.18' ],
50 silly audit   'typed-array-buffer': [ '1.0.2' ],
50 silly audit   'typed-array-byte-length': [ '1.0.1' ],
50 silly audit   'typed-array-byte-offset': [ '1.0.2' ],
50 silly audit   'typed-array-length': [ '1.0.6' ],
50 silly audit   typedarray: [ '0.0.6' ],
50 silly audit   typescript: [ '5.8.3' ],
50 silly audit   'unbox-primitive': [ '1.0.2' ],
50 silly audit   'undici-types': [ '7.16.0' ],
50 silly audit   universalify: [ '0.2.0' ],
50 silly audit   'update-browserslist-db': [ '1.1.1' ],
50 silly audit   'uri-js': [ '4.4.1' ],
50 silly audit   'url-parse': [ '1.5.10' ],
50 silly audit   'use-callback-ref': [ '1.3.2' ],
50 silly audit   'use-composed-ref': [ '1.3.0' ],
50 silly audit   'use-isomorphic-layout-effect': [ '1.1.2' ],
50 silly audit   'use-latest': [ '1.2.1' ],
50 silly audit   'use-sidecar': [ '1.1.2' ],
50 silly audit   'util-deprecate': [ '1.0.2' ],
50 silly audit   uuid: [ '8.3.2' ],
50 silly audit   'v8-to-istanbul': [ '9.3.0' ],
50 silly audit   'void-elements': [ '3.1.0' ],
50 silly audit   'vue-eslint-parser': [ '9.4.3' ],
50 silly audit   'w3c-xmlserializer': [ '4.0.0' ],
50 silly audit   walker: [ '1.0.8' ],
50 silly audit   'whatwg-encoding': [ '2.0.0' ],
50 silly audit   'whatwg-mimetype': [ '3.0.0' ],
50 silly audit   which: [ '2.0.2' ],
50 silly audit   'which-boxed-primitive': [ '1.0.2' ],
50 silly audit   'which-builtin-type': [ '1.1.4' ],
50 silly audit   'which-collection': [ '1.0.2' ],
50 silly audit   'which-typed-array': [ '1.1.15' ],
50 silly audit   'wide-align': [ '1.1.5' ],
50 silly audit   'word-wrap': [ '1.2.5' ],
50 silly audit   wrappy: [ '1.0.2' ],
50 silly audit   'write-file-atomic': [ '4.0.2' ],
50 silly audit   ws: [ '8.18.3' ],
50 silly audit   'xml-name-validator': [ '4.0.0' ],
50 silly audit   xmlchars: [ '2.2.0' ],
50 silly audit   xtend: [ '4.0.2' ],
50 silly audit   y18n: [ '5.0.8' ],
50 silly audit   yargs: [ '17.7.2' ],
50 silly audit   'yargs-parser': [ '21.1.1' ],
50 silly audit   'yocto-queue': [ '0.1.0' ],
50 silly audit   zod: [ '3.23.8' ],
50 silly audit   'fast-check': [ '4.5.3' ]
50 silly audit }
51 verbose reify failed optional dependency /Users/natalia/Nataliaki/Natalia/code/car/node_modules/@next/swc-win32-x64-msvc
52 silly reify mark deleted [
52 silly reify   '/Users/natalia/Nataliaki/Natalia/code/car/node_modules/@next/swc-win32-x64-msvc'
52 silly reify ]
53 verbose reify failed optional dependency /Users/natalia/Nataliaki/Natalia/code/car/node_modules/@next/swc-win32-ia32-msvc
54 silly reify mark deleted [
54 silly reify   '/Users/natalia/Nataliaki/Natalia/code/car/node_modules/@next/swc-win32-ia32-msvc'
54 silly reify ]
55 verbose reify failed optional dependency /Users/natalia/Nataliaki/Natalia/code/car/node_modules/@next/swc-win32-arm64-msvc
56 silly reify mark deleted [
56 silly reify   '/Users/natalia/Nataliaki/Natalia/code/car/node_modules/@next/swc-win32-arm64-msvc'
56 silly reify ]
57 verbose reify failed optional dependency /Users/natalia/Nataliaki/Natalia/code/car/node_modules/@next/swc-linux-x64-musl
58 silly reify mark deleted [
58 silly reify   '/Users/natalia/Nataliaki/Natalia/code/car/node_modules/@next/swc-linux-x64-musl'
58 silly reify ]
59 verbose reify failed optional dependency /Users/natalia/Nataliaki/Natalia/code/car/node_modules/@next/swc-linux-x64-gnu
60 silly reify mark deleted [
60 silly reify   '/Users/natalia/Nataliaki/Natalia/code/car/node_modules/@next/swc-linux-x64-gnu'
60 silly reify ]
61 verbose reify failed optional dependency /Users/natalia/Nataliaki/Natalia/code/car/node_modules/@next/swc-linux-arm64-musl
62 silly reify mark deleted [
62 silly reify   '/Users/natalia/Nataliaki/Natalia/code/car/node_modules/@next/swc-linux-arm64-musl'
62 silly reify ]
63 verbose reify failed optional dependency /Users/natalia/Nataliaki/Natalia/code/car/node_modules/@next/swc-linux-arm64-gnu
64 silly reify mark deleted [
64 silly reify   '/Users/natalia/Nataliaki/Natalia/code/car/node_modules/@next/swc-linux-arm64-gnu'
64 silly reify ]
65 verbose reify failed optional dependency /Users/natalia/Nataliaki/Natalia/code/car/node_modules/@next/swc-darwin-x64
66 silly reify mark deleted [
66 silly reify   '/Users/natalia/Nataliaki/Natalia/code/car/node_modules/@next/swc-darwin-x64'
66 silly reify ]
67 http cache fast-check@https://registry.npmjs.org/fast-check/-/fast-check-4.5.3.tgz 1ms (cache hit)
68 http cache fsevents@https://registry.npmjs.org/fsevents/-/fsevents-2.3.2.tgz 0ms (cache hit)
69 silly tarball no local data for fast-check@https://registry.npmjs.org/fast-check/-/fast-check-4.5.3.tgz. Extracting by manifest.
70 silly tarball no local data for fsevents@https://registry.npmjs.org/fsevents/-/fsevents-2.3.2.tgz. Extracting by manifest.
71 http cache pure-rand@https://registry.npmjs.org/pure-rand/-/pure-rand-7.0.1.tgz 0ms (cache hit)
72 silly tarball no local data for pure-rand@https://registry.npmjs.org/pure-rand/-/pure-rand-7.0.1.tgz. Extracting by manifest.
73 http fetch POST 200 https://registry.npmjs.org/-/npm/v1/security/advisories/bulk 734ms
74 silly audit report {
74 silly audit report   'js-yaml': [
74 silly audit report     {
74 silly audit report       id: 1109802,
74 silly audit report       url: 'https://github.com/advisories/GHSA-mh29-5h37-fv8m',
74 silly audit report       title: 'js-yaml has prototype pollution in merge (<<)',
74 silly audit report       severity: 'moderate',
74 silly audit report       vulnerable_versions: '>=4.0.0 <4.1.1',
74 silly audit report       cwe: [Array],
74 silly audit report       cvss: [Object]
74 silly audit report     }
74 silly audit report   ],
74 silly audit report   axios: [
74 silly audit report     {
74 silly audit report       id: 1112195,
74 silly audit report       url: 'https://github.com/advisories/GHSA-4hjh-wcwx-xvwj',
74 silly audit report       title: 'Axios is vulnerable to DoS attack through lack of data size check',
74 silly audit report       severity: 'high',
74 silly audit report       vulnerable_versions: '>=1.0.0 <1.12.0',
74 silly audit report       cwe: [Array],
74 silly audit report       cvss: [Object]
74 silly audit report     }
74 silly audit report   ],
74 silly audit report   cloudinary: [
74 silly audit report     {
74 silly audit report       id: 1109723,
74 silly audit report       url: 'https://github.com/advisories/GHSA-g4mf-96x5-5m2c',
74 silly audit report       title: 'Cloudinary Node SDK is vulnerable to Arbitrary Argument Injection through parameters that include an ampersand',
74 silly audit report       severity: 'high',
74 silly audit report       vulnerable_versions: '<2.7.0',
74 silly audit report       cwe: [Array],
74 silly audit report       cvss: [Object]
74 silly audit report     }
74 silly audit report   ],
74 silly audit report   glob: [
74 silly audit report     {
74 silly audit report       id: 1109842,
74 silly audit report       url: 'https://github.com/advisories/GHSA-5j98-mcp5-4vw2',
74 silly audit report       title: 'glob CLI: Command injection via -c/--cmd executes matches with shell:true',
74 silly audit report       severity: 'high',
74 silly audit report       vulnerable_versions: '>=10.2.0 <10.5.0',
74 silly audit report       cwe: [Array],
74 silly audit report       cvss: [Object]
74 silly audit report     }
74 silly audit report   ],
74 silly audit report   next: [
74 silly audit report     {
74 silly audit report       id: 1111391,
74 silly audit report       url: 'https://github.com/advisories/GHSA-mwv6-3258-q52c',
74 silly audit report       title: 'Next Vulnerable to Denial of Service with Server Components',
74 silly audit report       severity: 'high',
74 silly audit report       vulnerable_versions: '>=13.3.0 <14.2.34',
74 silly audit report       cwe: [Array],
74 silly audit report       cvss: [Object]
74 silly audit report     },
74 silly audit report     {
74 silly audit report       id: 1107226,
74 silly audit report       url: 'https://github.com/advisories/GHSA-g5qg-72qw-gw5v',
74 silly audit report       title: 'Next.js Affected by Cache Key Confusion for Image Optimization API Routes',
74 silly audit report       severity: 'moderate',
74 silly audit report       vulnerable_versions: '>=0.9.9 <14.2.31',
74 silly audit report       cwe: [Array],
74 silly audit report       cvss: [Object]
74 silly audit report     },
74 silly audit report     {
74 silly audit report       id: 1107512,
74 silly audit report       url: 'https://github.com/advisories/GHSA-4342-x723-ch2f',
74 silly audit report       title: 'Next.js Improper Middleware Redirect Handling Leads to SSRF',
74 silly audit report       severity: 'moderate',
74 silly audit report       vulnerable_versions: '>=0.9.9 <14.2.32',
74 silly audit report       cwe: [Array],
74 silly audit report       cvss: [Object]
74 silly audit report     },
74 silly audit report     {
74 silly audit report       id: 1107513,
74 silly audit report       url: 'https://github.com/advisories/GHSA-xv57-4mr9-wg8v',
74 silly audit report       title: 'Next.js Content Injection Vulnerability for Image Optimization',
74 silly audit report       severity: 'moderate',
74 silly audit report       vulnerable_versions: '>=0.9.9 <14.2.31',
74 silly audit report       cwe: [Array],
74 silly audit report       cvss: [Object]
74 silly audit report     },
74 silly audit report     {
74 silly audit report       id: 1112182,
74 silly audit report       url: 'https://github.com/advisories/GHSA-5j59-xgg2-r9c4',
74 silly audit report       title: 'Next has a Denial of Service with Server Components - Incomplete Fix Follow-Up',
74 silly audit report       severity: 'high',
74 silly audit report       vulnerable_versions: '>=13.3.1-canary.0 <14.2.35',
74 silly audit report       cwe: [Array],
74 silly audit report       cvss: [Object]
74 silly audit report     }
74 silly audit report   ],
74 silly audit report   'next-auth': [
74 silly audit report     {
74 silly audit report       id: 1109305,
74 silly audit report       url: 'https://github.com/advisories/GHSA-5jpx-9hw9-2fx4',
74 silly audit report       title: 'NextAuthjs Email misdelivery Vulnerability',
74 silly audit report       severity: 'moderate',
74 silly audit report       vulnerable_versions: '<4.24.12',
74 silly audit report       cwe: [Array],
74 silly audit report       cvss: [Object]
74 silly audit report     }
74 silly audit report   ],
74 silly audit report   nodemailer: [
74 silly audit report     {
74 silly audit report       id: 1111074,
74 silly audit report       url: 'https://github.com/advisories/GHSA-rcmh-qjqh-p98v',
74 silly audit report       title: 'Nodemailers addressparser is vulnerable to DoS caused by recursive calls',
74 silly audit report       severity: 'low',
74 silly audit report       vulnerable_versions: '<=7.0.10',
74 silly audit report       cwe: [Array],
74 silly audit report       cvss: [Object]
74 silly audit report     },
74 silly audit report     {
74 silly audit report       id: 1111548,
74 silly audit report       url: 'https://github.com/advisories/GHSA-46j5-6fg5-4gv3',
74 silly audit report       title: 'Nodemailer is vulnerable to DoS through Uncontrolled Recursion',
74 silly audit report       severity: 'moderate',
74 silly audit report       vulnerable_versions: '<7.0.11',
74 silly audit report       cwe: [Array],
74 silly audit report       cvss: [Object]
74 silly audit report     },
74 silly audit report     {
74 silly audit report       id: 1109804,
74 silly audit report       url: 'https://github.com/advisories/GHSA-mm7p-fcc7-pg87',
74 silly audit report       title: 'Nodemailer: Email to an unintended domain can occur due to Interpretation Conflict',
74 silly audit report       severity: 'moderate',
74 silly audit report       vulnerable_versions: '<7.0.7',
74 silly audit report       cwe: [Array],
74 silly audit report       cvss: [Object]
74 silly audit report     }
74 silly audit report   ],
74 silly audit report   tar: [
74 silly audit report     {
74 silly audit report       id: 1112255,
74 silly audit report       url: 'https://github.com/advisories/GHSA-8qq5-rm4j-mr97',
74 silly audit report       title: 'node-tar is Vulnerable to Arbitrary File Overwrite and Symlink Poisoning via Insufficient Path Sanitization',
74 silly audit report       severity: 'high',
74 silly audit report       vulnerable_versions: '<=7.5.2',
74 silly audit report       cwe: [Array],
74 silly audit report       cvss: [Object]
74 silly audit report     },
74 silly audit report     {
74 silly audit report       id: 1112329,
74 silly audit report       url: 'https://github.com/advisories/GHSA-r6q2-hw4h-h46w',
74 silly audit report       title: 'Race Condition in node-tar Path Reservations via Unicode Ligature Collisions on macOS APFS',
74 silly audit report       severity: 'high',
74 silly audit report       vulnerable_versions: '<=7.5.3',
74 silly audit report       cwe: [Array],
74 silly audit report       cvss: [Object]
74 silly audit report     }
74 silly audit report   ]
74 silly audit report }
75 silly packumentCache corgi:https://registry.npmjs.org/js-yaml cache-miss
76 silly packumentCache corgi:https://registry.npmjs.org/axios cache-miss
77 silly packumentCache corgi:https://registry.npmjs.org/cloudinary cache-miss
78 silly packumentCache corgi:https://registry.npmjs.org/glob cache-miss
79 silly packumentCache corgi:https://registry.npmjs.org/next cache-miss
80 silly packumentCache corgi:https://registry.npmjs.org/next-auth cache-miss
81 silly packumentCache corgi:https://registry.npmjs.org/nodemailer cache-miss
82 silly packumentCache corgi:https://registry.npmjs.org/tar cache-miss
83 http fetch GET 200 https://registry.npmjs.org/js-yaml 134ms (cache miss)
84 silly packumentCache corgi:https://registry.npmjs.org/js-yaml set size:undefined disposed:false
85 http fetch GET 200 https://registry.npmjs.org/axios 185ms (cache miss)
86 silly packumentCache corgi:https://registry.npmjs.org/axios set size:undefined disposed:false
87 http fetch GET 200 https://registry.npmjs.org/pure-rand/-/pure-rand-7.0.1.tgz 936ms (cache miss)
88 http fetch GET 200 https://registry.npmjs.org/fsevents/-/fsevents-2.3.2.tgz 943ms (cache miss)
89 http fetch GET 200 https://registry.npmjs.org/fast-check/-/fast-check-4.5.3.tgz 1115ms (cache miss)
90 http fetch GET 200 https://registry.npmjs.org/glob 2186ms (cache miss)
91 silly packumentCache corgi:https://registry.npmjs.org/glob set size:undefined disposed:false
92 http fetch GET 200 https://registry.npmjs.org/tar 2207ms (cache miss)
93 silly packumentCache corgi:https://registry.npmjs.org/tar set size:undefined disposed:false
94 http fetch GET 200 https://registry.npmjs.org/cloudinary 2236ms (cache miss)
95 silly packumentCache corgi:https://registry.npmjs.org/cloudinary set size:undefined disposed:false
96 http fetch GET 200 https://registry.npmjs.org/nodemailer 5982ms (cache miss)
97 silly packumentCache corgi:https://registry.npmjs.org/nodemailer set size:undefined disposed:false
98 http fetch GET 200 https://registry.npmjs.org/next-auth 6122ms (cache miss)
99 silly packumentCache corgi:https://registry.npmjs.org/next-auth set size:undefined disposed:false
100 http fetch GET 200 https://registry.npmjs.org/next 6783ms (cache miss)
101 silly packumentCache corgi:https://registry.npmjs.org/next set size:undefined disposed:false
102 silly packumentCache corgi:https://registry.npmjs.org/@eslint%2feslintrc cache-miss
103 silly packumentCache corgi:https://registry.npmjs.org/eslint cache-miss
104 http fetch GET 200 https://registry.npmjs.org/eslint 182ms (cache miss)
105 silly packumentCache corgi:https://registry.npmjs.org/eslint set size:undefined disposed:false
106 http fetch GET 200 https://registry.npmjs.org/@eslint%2feslintrc 261ms (cache miss)
107 silly packumentCache corgi:https://registry.npmjs.org/@eslint%2feslintrc set size:undefined disposed:false
108 silly packumentCache corgi:https://registry.npmjs.org/sucrase cache-miss
109 http fetch GET 200 https://registry.npmjs.org/sucrase 102ms (cache miss)
110 silly packumentCache corgi:https://registry.npmjs.org/sucrase set size:undefined disposed:false
111 silly packumentCache corgi:https://registry.npmjs.org/next-cloudinary cache-miss
112 http fetch GET 200 https://registry.npmjs.org/next-cloudinary 432ms (cache miss)
113 silly packumentCache corgi:https://registry.npmjs.org/next-cloudinary set size:undefined disposed:false
114 silly packumentCache corgi:https://registry.npmjs.org/@mapbox%2fnode-pre-gyp cache-miss
115 http fetch GET 200 https://registry.npmjs.org/@mapbox%2fnode-pre-gyp 104ms (cache miss)
116 silly packumentCache corgi:https://registry.npmjs.org/@mapbox%2fnode-pre-gyp set size:undefined disposed:false
117 silly packumentCache corgi:https://registry.npmjs.org/bcrypt cache-miss
118 http fetch GET 200 https://registry.npmjs.org/bcrypt 66ms (cache miss)
119 silly packumentCache corgi:https://registry.npmjs.org/bcrypt set size:undefined disposed:false
120 silly ADD node_modules/fast-check
121 silly ADD node_modules/fast-check/node_modules/pure-rand
122 silly ADD
123 silly ADD
124 silly ADD
125 silly ADD
126 silly ADD
127 silly ADD
128 silly ADD
129 silly ADD
130 silly ADD node_modules/playwright/node_modules/fsevents
131 verbose cwd /Users/natalia/Nataliaki/Natalia/code/car
132 verbose os Darwin 22.5.0
133 verbose node v23.5.0
134 verbose npm  v10.9.2
135 notice
135 notice New major version of npm available! 10.9.2 -> 11.7.0
135 notice Changelog: https://github.com/npm/cli/releases/tag/v11.7.0
135 notice To update run: npm install -g npm@11.7.0
135 notice  { force: true, [Symbol(proc-log.meta)]: true }
136 verbose exit 0
137 info ok
